1612314127811	geckodriver	INFO	Listening on 127.0.0.1:39925
1612314127820	mozrunner::runner	INFO	Running command: "/usr/bin/firefox" "--marionette" "-foreground" "-no-remote" "-profile" "/tmp/rust_mozprofile9xl8nt"
console.warn: SearchSettings: "get: No settings file exists, new profile?" (new Error("", "(unknown module)"))
console.warn: SearchSettings: "get: No settings file exists, new profile?" (new Error("", "(unknown module)"))
1612314130859	Marionette	INFO	Listening on port 38297
1612314130957	Marionette	WARN	TLS certificate errors will be ignored for this session
1612314130973	Marionette	ERROR	[15] No reply from Marionette:Register
1612314148564	Marionette	INFO	Stopped listening on port 38297

###!!! [Parent][RunMessage] Error: Channel closing: too late to send/recv, messages will be lost

1612314282956	geckodriver	INFO	Listening on 127.0.0.1:58187
1612314282961	mozrunner::runner	INFO	Running command: "/usr/bin/firefox" "--marionette" "-foreground" "-no-remote" "-profile" "/tmp/rust_mozprofilevlu2JY"
console.warn: SearchSettings: "get: No settings file exists, new profile?" (new Error("", "(unknown module)"))
1612314285952	Marionette	INFO	Listening on port 45485
1612314286016	Marionette	WARN	TLS certificate errors will be ignored for this session
1612314286034	Marionette	ERROR	[15] No reply from Marionette:Register
console.warn: SearchSettings: "get: No settings file exists, new profile?" (new Error("", "(unknown module)"))
1612314294016	Marionette	ERROR	[37] No reply from Marionette:Register
1612314295224	Marionette	INFO	Stopped listening on port 45485

###!!! [Parent][RunMessage] Error: Channel closing: too late to send/recv, messages will be lost

1612314484190	geckodriver	INFO	Listening on 127.0.0.1:35349
1612314484195	mozrunner::runner	INFO	Running command: "/usr/bin/firefox" "--marionette" "-foreground" "-no-remote" "-profile" "/tmp/rust_mozprofileay7CFG"
console.warn: SearchSettings: "get: No settings file exists, new profile?" (new Error("", "(unknown module)"))
1612314487092	Marionette	INFO	Listening on port 46719
1612314487134	Marionette	WARN	TLS certificate errors will be ignored for this session
1612314487150	Marionette	ERROR	[15] No reply from Marionette:Register
console.warn: SearchSettings: "get: No settings file exists, new profile?" (new Error("", "(unknown module)"))
JavaScript error: https://volunteeringnq.b-cdn.net/wp-content/cache/min/1/wp-content/plugins/wpforms/assets/js/choices.min-17aa35f14f501c3086471802b1523d3e.js, line 11: SyntaxError: nothing to repeat
1612314501326	Marionette	INFO	Stopped listening on port 46719
1612314903628	geckodriver	INFO	Listening on 127.0.0.1:42545
1612314903634	mozrunner::runner	INFO	Running command: "/usr/bin/firefox" "--marionette" "-foreground" "-no-remote" "-profile" "/tmp/rust_mozprofileEA8Orc"
console.warn: SearchSettings: "get: No settings file exists, new profile?" (new Error("", "(unknown module)"))
1612314906499	Marionette	INFO	Listening on port 36599
1612314906572	Marionette	WARN	TLS certificate errors will be ignored for this session
1612314906614	Marionette	ERROR	[15] No reply from Marionette:Register
console.warn: SearchSettings: "get: No settings file exists, new profile?" (new Error("", "(unknown module)"))
JavaScript error: https://volunteeringnq.b-cdn.net/wp-content/cache/min/1/wp-content/plugins/wpforms/assets/js/choices.min-17aa35f14f501c3086471802b1523d3e.js, line 11: SyntaxError: nothing to repeat
1612314916963	Marionette	INFO	Stopped listening on port 36599

###!!! [Parent][RunMessage] Error: Channel closing: too late to send/recv, messages will be lost

1612314929337	geckodriver	INFO	Listening on 127.0.0.1:55533
1612314929342	mozrunner::runner	INFO	Running command: "/usr/bin/firefox" "--marionette" "-foreground" "-no-remote" "-profile" "/tmp/rust_mozprofilenKzaZp"
console.warn: SearchSettings: "get: No settings file exists, new profile?" (new Error("", "(unknown module)"))
1612314932039	Marionette	INFO	Listening on port 45509
1612314932151	Marionette	WARN	TLS certificate errors will be ignored for this session
JavaScript error: resource:///modules/sessionstore/SessionStore.jsm, line 5940: TypeError: aTab is undefined
1612314932195	Marionette	ERROR	[15] No reply from Marionette:Register
1612314932197	Marionette	ERROR	[26] No reply from Marionette:Register
1612314932199	Marionette	ERROR	[28] No reply from Marionette:Register
1612314932427	Marionette	ERROR	[26] No reply from Marionette:Register
1612314932442	Marionette	ERROR	[28] No reply from Marionette:Register
1612314932458	Marionette	WARN	Ignoring event 'DOMContentLoaded' because document has an invalid readyState of 'complete'.
console.warn: SearchSettings: "get: No settings file exists, new profile?" (new Error("", "(unknown module)"))
1612314935444	Marionette	ERROR	[41] No reply from Marionette:Register
1612314936253	Marionette	INFO	Stopped listening on port 45509
JavaScript error: resource://activity-stream/lib/ASRouter.jsm, line 987: NS_ERROR_ILLEGAL_VALUE: Component returned failure code: 0x80070057 (NS_ERROR_ILLEGAL_VALUE) [nsIObserverService.removeObserver]

###!!! [Parent][RunMessage] Error: Channel closing: too late to send/recv, messages will be lost

1612314940119	geckodriver	INFO	Listening on 127.0.0.1:55261
1612314940125	mozrunner::runner	INFO	Running command: "/usr/bin/firefox" "--marionette" "-foreground" "-no-remote" "-profile" "/tmp/rust_mozprofileM469mK"
console.warn: SearchSettings: "get: No settings file exists, new profile?" (new Error("", "(unknown module)"))
1612314943182	Marionette	INFO	Listening on port 42033
1612314943265	Marionette	WARN	TLS certificate errors will be ignored for this session
1612314943281	Marionette	ERROR	[15] No reply from Marionette:Register
console.warn: SearchSettings: "get: No settings file exists, new profile?" (new Error("", "(unknown module)"))
JavaScript error: https://volunteeringnq.b-cdn.net/wp-content/cache/min/1/wp-content/plugins/wpforms/assets/js/choices.min-17aa35f14f501c3086471802b1523d3e.js, line 11: SyntaxError: nothing to repeat
1612314951921	Marionette	INFO	Stopped listening on port 42033

###!!! [Parent][RunMessage] Error: Channel closing: too late to send/recv, messages will be lost

1612314989020	geckodriver	INFO	Listening on 127.0.0.1:40813
1612314989027	mozrunner::runner	INFO	Running command: "/usr/bin/firefox" "--marionette" "-foreground" "-no-remote" "-profile" "/tmp/rust_mozprofileZ0idXT"
console.warn: SearchSettings: "get: No settings file exists, new profile?" (new Error("", "(unknown module)"))
1612314991946	Marionette	INFO	Listening on port 36451
1612314992078	Marionette	WARN	TLS certificate errors will be ignored for this session
1612314992106	Marionette	ERROR	[15] No reply from Marionette:Register
console.warn: SearchSettings: "get: No settings file exists, new profile?" (new Error("", "(unknown module)"))
JavaScript error: https://volunteeringnq.b-cdn.net/wp-content/cache/min/1/wp-content/plugins/wpforms/assets/js/choices.min-17aa35f14f501c3086471802b1523d3e.js, line 11: SyntaxError: nothing to repeat
1612314998949	Marionette	INFO	Stopped listening on port 36451
1612315050180	geckodriver	INFO	Listening on 127.0.0.1:58423
1612315050188	mozrunner::runner	INFO	Running command: "/usr/bin/firefox" "--marionette" "-foreground" "-no-remote" "-profile" "/tmp/rust_mozprofile3vd9D0"
console.warn: SearchSettings: "get: No settings file exists, new profile?" (new Error("", "(unknown module)"))
1612315053110	Marionette	INFO	Listening on port 33389
1612315053229	Marionette	WARN	TLS certificate errors will be ignored for this session
1612315053246	Marionette	ERROR	[15] No reply from Marionette:Register
console.warn: SearchSettings: "get: No settings file exists, new profile?" (new Error("", "(unknown module)"))
JavaScript error: https://volunteeringnq.b-cdn.net/wp-content/cache/min/1/wp-content/plugins/wpforms/assets/js/choices.min-17aa35f14f501c3086471802b1523d3e.js, line 11: SyntaxError: nothing to repeat
1612315063821	Marionette	INFO	Stopped listening on port 33389

###!!! [Parent][RunMessage] Error: Channel closing: too late to send/recv, messages will be lost

1612315149562	geckodriver	INFO	Listening on 127.0.0.1:42713
1612315149569	mozrunner::runner	INFO	Running command: "/usr/bin/firefox" "--marionette" "-foreground" "-no-remote" "-profile" "/tmp/rust_mozprofileHvwj9w"
console.warn: SearchSettings: "get: No settings file exists, new profile?" (new Error("", "(unknown module)"))
1612315152499	Marionette	INFO	Listening on port 41661
1612315152609	Marionette	WARN	TLS certificate errors will be ignored for this session
1612315152623	Marionette	ERROR	[15] No reply from Marionette:Register
console.warn: SearchSettings: "get: No settings file exists, new profile?" (new Error("", "(unknown module)"))
JavaScript error: https://volunteeringnq.b-cdn.net/wp-content/cache/min/1/wp-content/plugins/wpforms/assets/js/choices.min-17aa35f14f501c3086471802b1523d3e.js, line 11: SyntaxError: nothing to repeat
1612315163510	Marionette	INFO	Stopped listening on port 41661
1612315213075	geckodriver	INFO	Listening on 127.0.0.1:36833
1612315213081	mozrunner::runner	INFO	Running command: "/usr/bin/firefox" "--marionette" "-foreground" "-no-remote" "-profile" "/tmp/rust_mozprofiley16SJf"
console.warn: SearchSettings: "get: No settings file exists, new profile?" (new Error("", "(unknown module)"))
1612315216134	Marionette	INFO	Listening on port 36269
1612315216239	Marionette	WARN	TLS certificate errors will be ignored for this session
1612315216264	Marionette	ERROR	[15] No reply from Marionette:Register
console.warn: SearchSettings: "get: No settings file exists, new profile?" (new Error("", "(unknown module)"))
JavaScript error: https://volunteeringnq.b-cdn.net/wp-content/cache/min/1/wp-content/plugins/wpforms/assets/js/choices.min-17aa35f14f501c3086471802b1523d3e.js, line 11: SyntaxError: nothing to repeat
1612315226978	Marionette	INFO	Stopped listening on port 36269

###!!! [Parent][RunMessage] Error: Channel closing: too late to send/recv, messages will be lost

1612315253897	geckodriver	INFO	Listening on 127.0.0.1:47781
1612315253905	mozrunner::runner	INFO	Running command: "/usr/bin/firefox" "--marionette" "-foreground" "-no-remote" "-profile" "/tmp/rust_mozprofiler24Kin"
console.warn: SearchSettings: "get: No settings file exists, new profile?" (new Error("", "(unknown module)"))
1612315256866	Marionette	INFO	Listening on port 32907
1612315256951	Marionette	WARN	TLS certificate errors will be ignored for this session
1612315256971	Marionette	ERROR	[15] No reply from Marionette:Register
console.warn: SearchSettings: "get: No settings file exists, new profile?" (new Error("", "(unknown module)"))
JavaScript error: https://volunteeringnq.b-cdn.net/wp-content/cache/min/1/wp-content/plugins/wpforms/assets/js/choices.min-17aa35f14f501c3086471802b1523d3e.js, line 11: SyntaxError: nothing to repeat
1612315347088	geckodriver	INFO	Listening on 127.0.0.1:47881
1612315347095	mozrunner::runner	INFO	Running command: "/usr/bin/firefox" "--marionette" "-foreground" "-no-remote" "-profile" "/tmp/rust_mozprofilec0tXPx"
console.warn: SearchSettings: "get: No settings file exists, new profile?" (new Error("", "(unknown module)"))
1612315349818	Marionette	INFO	Listening on port 34833
1612315349937	Marionette	WARN	TLS certificate errors will be ignored for this session
1612315349962	Marionette	ERROR	[15] No reply from Marionette:Register
console.warn: SearchSettings: "get: No settings file exists, new profile?" (new Error("", "(unknown module)"))
JavaScript error: https://volunteeringnq.b-cdn.net/wp-content/cache/min/1/wp-content/plugins/wpforms/assets/js/choices.min-17aa35f14f501c3086471802b1523d3e.js, line 11: SyntaxError: nothing to repeat
1612315358765	Marionette	INFO	Stopped listening on port 34833

###!!! [Parent][RunMessage] Error: Channel closing: too late to send/recv, messages will be lost

1612315569516	geckodriver	INFO	Listening on 127.0.0.1:54391
1612315569522	mozrunner::runner	INFO	Running command: "/usr/bin/firefox" "--marionette" "-foreground" "-no-remote" "-profile" "/tmp/rust_mozprofileadEntD"
console.warn: SearchSettings: "get: No settings file exists, new profile?" (new Error("", "(unknown module)"))
1612315572463	Marionette	INFO	Listening on port 38005
1612315572567	Marionette	WARN	TLS certificate errors will be ignored for this session
1612315572582	Marionette	ERROR	[15] No reply from Marionette:Register
console.warn: SearchSettings: "get: No settings file exists, new profile?" (new Error("", "(unknown module)"))
JavaScript error: https://volunteeringnq.b-cdn.net/wp-content/cache/min/1/wp-content/plugins/wpforms/assets/js/choices.min-17aa35f14f501c3086471802b1523d3e.js, line 11: SyntaxError: nothing to repeat
1612315580500	Marionette	INFO	Stopped listening on port 38005

###!!! [Parent][RunMessage] Error: Channel closing: too late to send/recv, messages will be lost

1612315591894	geckodriver	INFO	Listening on 127.0.0.1:60527
1612315591901	mozrunner::runner	INFO	Running command: "/usr/bin/firefox" "--marionette" "-foreground" "-no-remote" "-profile" "/tmp/rust_mozprofileKmukh2"
console.warn: SearchSettings: "get: No settings file exists, new profile?" (new Error("", "(unknown module)"))
1612315594754	Marionette	INFO	Listening on port 45509
1612315594854	Marionette	WARN	TLS certificate errors will be ignored for this session
1612315594873	Marionette	ERROR	[15] No reply from Marionette:Register
console.warn: SearchSettings: "get: No settings file exists, new profile?" (new Error("", "(unknown module)"))
JavaScript error: https://volunteeringnq.b-cdn.net/wp-content/cache/min/1/wp-content/plugins/wpforms/assets/js/choices.min-17aa35f14f501c3086471802b1523d3e.js, line 11: SyntaxError: nothing to repeat
1612315603109	Marionette	INFO	Stopped listening on port 45509

###!!! [Parent][RunMessage] Error: Channel closing: too late to send/recv, messages will be lost

1612315609614	geckodriver	INFO	Listening on 127.0.0.1:60689
1612315609623	mozrunner::runner	INFO	Running command: "/usr/bin/firefox" "--marionette" "-foreground" "-no-remote" "-profile" "/tmp/rust_mozprofileKaKkVr"
console.warn: SearchSettings: "get: No settings file exists, new profile?" (new Error("", "(unknown module)"))
1612315612452	Marionette	INFO	Listening on port 38379
1612315612598	Marionette	WARN	TLS certificate errors will be ignored for this session
1612315612618	Marionette	ERROR	[15] No reply from Marionette:Register
console.warn: SearchSettings: "get: No settings file exists, new profile?" (new Error("", "(unknown module)"))
JavaScript error: https://volunteeringnq.b-cdn.net/wp-content/cache/min/1/wp-content/plugins/wpforms/assets/js/choices.min-17aa35f14f501c3086471802b1523d3e.js, line 11: SyntaxError: nothing to repeat
1612315615595	Marionette	INFO	Stopped listening on port 32907
1612315620233	Marionette	INFO	Stopped listening on port 38379

###!!! [Parent][RunMessage] Error: Channel closing: too late to send/recv, messages will be lost

1612315873575	geckodriver	INFO	Listening on 127.0.0.1:36043
1612315873582	mozrunner::runner	INFO	Running command: "/usr/bin/firefox" "--marionette" "-foreground" "-no-remote" "-profile" "/tmp/rust_mozprofilegKUaJv"
console.warn: SearchSettings: "get: No settings file exists, new profile?" (new Error("", "(unknown module)"))
1612315876535	Marionette	INFO	Listening on port 44079
1612315876622	Marionette	WARN	TLS certificate errors will be ignored for this session
1612315876644	Marionette	ERROR	[15] No reply from Marionette:Register
console.warn: SearchSettings: "get: No settings file exists, new profile?" (new Error("", "(unknown module)"))
JavaScript error: https://volunteeringnq.b-cdn.net/wp-content/cache/min/1/wp-content/plugins/wpforms/assets/js/choices.min-17aa35f14f501c3086471802b1523d3e.js, line 11: SyntaxError: nothing to repeat
1612315887233	Marionette	INFO	Stopped listening on port 44079
1612317020173	geckodriver	INFO	Listening on 127.0.0.1:37735
1612317020179	mozrunner::runner	INFO	Running command: "/usr/bin/firefox" "--marionette" "-foreground" "-no-remote" "-profile" "/tmp/rust_mozprofile6wAz3j"
console.warn: SearchSettings: "get: No settings file exists, new profile?" (new Error("", "(unknown module)"))
1612317023255	Marionette	INFO	Listening on port 36829
1612317023318	Marionette	WARN	TLS certificate errors will be ignored for this session
1612317023337	Marionette	ERROR	[15] No reply from Marionette:Register
console.warn: SearchSettings: "get: No settings file exists, new profile?" (new Error("", "(unknown module)"))
1612317026371	Marionette	INFO	Stopped listening on port 36829

###!!! [Parent][RunMessage] Error: Channel closing: too late to send/recv, messages will be lost

1612317051268	geckodriver	INFO	Listening on 127.0.0.1:53391
1612317051276	mozrunner::runner	INFO	Running command: "/usr/bin/firefox" "--marionette" "-foreground" "-no-remote" "-profile" "/tmp/rust_mozprofileijvJVM"
console.warn: SearchSettings: "get: No settings file exists, new profile?" (new Error("", "(unknown module)"))
1612317054235	Marionette	INFO	Listening on port 33281
1612317054314	Marionette	WARN	TLS certificate errors will be ignored for this session
1612317054332	Marionette	ERROR	[15] No reply from Marionette:Register
console.warn: SearchSettings: "get: No settings file exists, new profile?" (new Error("", "(unknown module)"))
JavaScript error: https://volunteeringnq.b-cdn.net/wp-content/cache/min/1/wp-content/plugins/wpforms/assets/js/choices.min-17aa35f14f501c3086471802b1523d3e.js, line 11: SyntaxError: nothing to repeat
1612317107359	geckodriver	INFO	Listening on 127.0.0.1:54585
1612317107364	mozrunner::runner	INFO	Running command: "/usr/bin/firefox" "--marionette" "-foreground" "-no-remote" "-profile" "/tmp/rust_mozprofilegCb6gT"
console.warn: SearchSettings: "get: No settings file exists, new profile?" (new Error("", "(unknown module)"))
1612317110357	Marionette	INFO	Listening on port 43349
1612317110411	Marionette	WARN	TLS certificate errors will be ignored for this session
1612317110428	Marionette	ERROR	[15] No reply from Marionette:Register
console.warn: SearchSettings: "get: No settings file exists, new profile?" (new Error("", "(unknown module)"))
JavaScript error: resource://activity-stream/lib/ASRouter.jsm, line 987: NS_ERROR_ILLEGAL_VALUE: Component returned failure code: 0x80070057 (NS_ERROR_ILLEGAL_VALUE) [nsIObserverService.removeObserver]
console.warn: services.settings: main/cfr-fxa sync interrupted by shutdown
1612317111298	Marionette	INFO	Stopped listening on port 43349

###!!! [Parent][RunMessage] Error: Channel closing: too late to send/recv, messages will be lost

1612317113178	Marionette	INFO	Stopped listening on port 33281

###!!! [Parent][RunMessage] Error: Channel closing: too late to send/recv, messages will be lost

1612317132102	geckodriver	INFO	Listening on 127.0.0.1:58693
1612317132109	mozrunner::runner	INFO	Running command: "/usr/bin/firefox" "--marionette" "-foreground" "-no-remote" "-profile" "/tmp/rust_mozprofile7ne9g4"
console.warn: SearchSettings: "get: No settings file exists, new profile?" (new Error("", "(unknown module)"))
1612317135227	Marionette	INFO	Listening on port 44611
console.warn: SearchSettings: "get: No settings file exists, new profile?" (new Error("", "(unknown module)"))
1612317135374	Marionette	WARN	TLS certificate errors will be ignored for this session
1612317135399	Marionette	ERROR	[15] No reply from Marionette:Register
JavaScript error: https://volunteeringnq.b-cdn.net/wp-content/cache/min/1/wp-content/plugins/wpforms/assets/js/choices.min-17aa35f14f501c3086471802b1523d3e.js, line 11: SyntaxError: nothing to repeat
1612317145177	Marionette	INFO	Stopped listening on port 44611

###!!! [Parent][RunMessage] Error: Channel closing: too late to send/recv, messages will be lost

1612317155786	geckodriver	INFO	Listening on 127.0.0.1:60145
1612317155791	mozrunner::runner	INFO	Running command: "/usr/bin/firefox" "--marionette" "-foreground" "-no-remote" "-profile" "/tmp/rust_mozprofileeUseNJ"
console.warn: SearchSettings: "get: No settings file exists, new profile?" (new Error("", "(unknown module)"))
1612317158726	Marionette	INFO	Listening on port 39755
1612317158845	Marionette	WARN	TLS certificate errors will be ignored for this session
1612317158861	Marionette	ERROR	[15] No reply from Marionette:Register
console.warn: SearchSettings: "get: No settings file exists, new profile?" (new Error("", "(unknown module)"))
JavaScript error: https://volunteeringnq.b-cdn.net/wp-content/cache/min/1/wp-content/plugins/wpforms/assets/js/choices.min-17aa35f14f501c3086471802b1523d3e.js, line 11: SyntaxError: nothing to repeat
1612317170053	Marionette	INFO	Stopped listening on port 39755
1612317174395	geckodriver	INFO	Listening on 127.0.0.1:57617
1612317174402	mozrunner::runner	INFO	Running command: "/usr/bin/firefox" "--marionette" "-foreground" "-no-remote" "-profile" "/tmp/rust_mozprofile6kxI9i"
console.warn: SearchSettings: "get: No settings file exists, new profile?" (new Error("", "(unknown module)"))
1612317177261	Marionette	INFO	Listening on port 34689
1612317177348	Marionette	WARN	TLS certificate errors will be ignored for this session
1612317177363	Marionette	ERROR	[15] No reply from Marionette:Register
console.warn: SearchSettings: "get: No settings file exists, new profile?" (new Error("", "(unknown module)"))
JavaScript error: https://volunteeringnq.b-cdn.net/wp-content/cache/min/1/wp-content/plugins/wpforms/assets/js/choices.min-17aa35f14f501c3086471802b1523d3e.js, line 11: SyntaxError: nothing to repeat
1612317185693	Marionette	INFO	Stopped listening on port 34689
JavaScript error: resource://activity-stream/lib/ASRouter.jsm, line 987: NS_ERROR_ILLEGAL_VALUE: Component returned failure code: 0x80070057 (NS_ERROR_ILLEGAL_VALUE) [nsIObserverService.removeObserver]

###!!! [Parent][RunMessage] Error: Channel closing: too late to send/recv, messages will be lost

1612317188610	geckodriver	INFO	Listening on 127.0.0.1:45881
1612317188615	mozrunner::runner	INFO	Running command: "/usr/bin/firefox" "--marionette" "-foreground" "-no-remote" "-profile" "/tmp/rust_mozprofile1wxemM"
console.warn: SearchSettings: "get: No settings file exists, new profile?" (new Error("", "(unknown module)"))
1612317191379	Marionette	INFO	Listening on port 41935
1612317191451	Marionette	WARN	TLS certificate errors will be ignored for this session
1612317191472	Marionette	ERROR	[15] No reply from Marionette:Register
console.warn: SearchSettings: "get: No settings file exists, new profile?" (new Error("", "(unknown module)"))
JavaScript error: https://volunteeringnq.b-cdn.net/wp-content/cache/min/1/wp-content/plugins/wpforms/assets/js/choices.min-17aa35f14f501c3086471802b1523d3e.js, line 11: SyntaxError: nothing to repeat
1612317199561	Marionette	INFO	Stopped listening on port 41935

###!!! [Parent][RunMessage] Error: Channel closing: too late to send/recv, messages will be lost

1612317237530	geckodriver	INFO	Listening on 127.0.0.1:53033
1612317237535	mozrunner::runner	INFO	Running command: "/usr/bin/firefox" "--marionette" "-foreground" "-no-remote" "-profile" "/tmp/rust_mozprofileRRqlpa"
console.warn: SearchSettings: "get: No settings file exists, new profile?" (new Error("", "(unknown module)"))
1612317240457	Marionette	INFO	Listening on port 35173
1612317240571	Marionette	WARN	TLS certificate errors will be ignored for this session
1612317240588	Marionette	ERROR	[15] No reply from Marionette:Register
console.warn: SearchSettings: "get: No settings file exists, new profile?" (new Error("", "(unknown module)"))
JavaScript error: https://volunteeringnq.b-cdn.net/wp-content/cache/min/1/wp-content/plugins/wpforms/assets/js/choices.min-17aa35f14f501c3086471802b1523d3e.js, line 11: SyntaxError: nothing to repeat
1612317248828	Marionette	INFO	Stopped listening on port 35173
1612317349074	geckodriver	INFO	Listening on 127.0.0.1:51145
1612317349080	mozrunner::runner	INFO	Running command: "/usr/bin/firefox" "--marionette" "-foreground" "-no-remote" "-profile" "/tmp/rust_mozprofilejkw7CG"
console.warn: SearchSettings: "get: No settings file exists, new profile?" (new Error("", "(unknown module)"))
1612317351758	Marionette	INFO	Listening on port 44259
1612317351838	Marionette	WARN	TLS certificate errors will be ignored for this session
1612317351867	Marionette	ERROR	[15] No reply from Marionette:Register
console.warn: SearchSettings: "get: No settings file exists, new profile?" (new Error("", "(unknown module)"))
JavaScript error: https://volunteeringnq.b-cdn.net/wp-content/cache/min/1/wp-content/plugins/wpforms/assets/js/choices.min-17aa35f14f501c3086471802b1523d3e.js, line 11: SyntaxError: nothing to repeat
1612317360024	Marionette	INFO	Stopped listening on port 44259
1612317390731	geckodriver	INFO	Listening on 127.0.0.1:58763
1612317390738	mozrunner::runner	INFO	Running command: "/usr/bin/firefox" "--marionette" "-foreground" "-no-remote" "-profile" "/tmp/rust_mozprofileZ8YwJD"
console.warn: SearchSettings: "get: No settings file exists, new profile?" (new Error("", "(unknown module)"))
1612317393695	Marionette	INFO	Listening on port 44599
1612317393780	Marionette	WARN	TLS certificate errors will be ignored for this session
1612317393800	Marionette	ERROR	[15] No reply from Marionette:Register
console.warn: SearchSettings: "get: No settings file exists, new profile?" (new Error("", "(unknown module)"))
JavaScript error: https://volunteeringnq.b-cdn.net/wp-content/cache/min/1/wp-content/plugins/wpforms/assets/js/choices.min-17aa35f14f501c3086471802b1523d3e.js, line 11: SyntaxError: nothing to repeat
1612317401684	Marionette	INFO	Stopped listening on port 44599
1612318410674	geckodriver	INFO	Listening on 127.0.0.1:47571
1612318410680	mozrunner::runner	INFO	Running command: "/usr/bin/firefox" "--marionette" "-foreground" "-no-remote" "-profile" "/tmp/rust_mozprofilebg8GO1"
console.warn: SearchSettings: "get: No settings file exists, new profile?" (new Error("", "(unknown module)"))
1612318413630	Marionette	INFO	Listening on port 39555
1612318413727	Marionette	WARN	TLS certificate errors will be ignored for this session
1612318413744	Marionette	ERROR	[15] No reply from Marionette:Register
console.warn: SearchSettings: "get: No settings file exists, new profile?" (new Error("", "(unknown module)"))
JavaScript error: https://volunteeringnq.b-cdn.net/wp-content/cache/min/1/wp-content/plugins/wpforms/assets/js/choices.min-17aa35f14f501c3086471802b1523d3e.js, line 11: SyntaxError: nothing to repeat
1612318422068	Marionette	INFO	Stopped listening on port 39555

###!!! [Parent][RunMessage] Error: Channel closing: too late to send/recv, messages will be lost

1612318434526	geckodriver	INFO	Listening on 127.0.0.1:59219
1612318434533	mozrunner::runner	INFO	Running command: "/usr/bin/firefox" "--marionette" "-foreground" "-no-remote" "-profile" "/tmp/rust_mozprofileHdF2lc"
console.warn: SearchSettings: "get: No settings file exists, new profile?" (new Error("", "(unknown module)"))
1612318437526	Marionette	INFO	Listening on port 46065
1612318437570	Marionette	WARN	TLS certificate errors will be ignored for this session
1612318437594	Marionette	ERROR	[15] No reply from Marionette:Register
console.warn: SearchSettings: "get: No settings file exists, new profile?" (new Error("", "(unknown module)"))
JavaScript error: https://volunteeringnq.b-cdn.net/wp-content/cache/min/1/wp-content/plugins/wpforms/assets/js/choices.min-17aa35f14f501c3086471802b1523d3e.js, line 11: SyntaxError: nothing to repeat
1612318446272	Marionette	INFO	Stopped listening on port 46065
1612318475994	geckodriver	INFO	Listening on 127.0.0.1:56649
1612318475998	mozrunner::runner	INFO	Running command: "/usr/bin/firefox" "--marionette" "-foreground" "-no-remote" "-profile" "/tmp/rust_mozprofileuk7tnl"
console.warn: SearchSettings: "get: No settings file exists, new profile?" (new Error("", "(unknown module)"))
1612318478954	Marionette	INFO	Listening on port 46861
1612318479043	Marionette	WARN	TLS certificate errors will be ignored for this session
1612318479060	Marionette	ERROR	[15] No reply from Marionette:Register
console.warn: SearchSettings: "get: No settings file exists, new profile?" (new Error("", "(unknown module)"))
JavaScript error: https://volunteeringnq.b-cdn.net/wp-content/cache/min/1/wp-content/plugins/wpforms/assets/js/choices.min-17aa35f14f501c3086471802b1523d3e.js, line 11: SyntaxError: nothing to repeat
1612318485833	Marionette	INFO	Stopped listening on port 46861
JavaScript error: resource://activity-stream/lib/ASRouter.jsm, line 987: NS_ERROR_ILLEGAL_VALUE: Component returned failure code: 0x80070057 (NS_ERROR_ILLEGAL_VALUE) [nsIObserverService.removeObserver]
1612318504235	geckodriver	INFO	Listening on 127.0.0.1:59933
1612318504242	mozrunner::runner	INFO	Running command: "/usr/bin/firefox" "--marionette" "-foreground" "-no-remote" "-profile" "/tmp/rust_mozprofilelSxlu2"
console.warn: SearchSettings: "get: No settings file exists, new profile?" (new Error("", "(unknown module)"))
1612318507219	Marionette	INFO	Listening on port 42211
1612318507297	Marionette	WARN	TLS certificate errors will be ignored for this session
1612318507312	Marionette	ERROR	[15] No reply from Marionette:Register
console.warn: SearchSettings: "get: No settings file exists, new profile?" (new Error("", "(unknown module)"))
JavaScript error: https://volunteeringnq.b-cdn.net/wp-content/cache/min/1/wp-content/plugins/wpforms/assets/js/choices.min-17aa35f14f501c3086471802b1523d3e.js, line 11: SyntaxError: nothing to repeat
1612318514089	Marionette	INFO	Stopped listening on port 42211
JavaScript error: resource://activity-stream/lib/ASRouter.jsm, line 987: NS_ERROR_ILLEGAL_VALUE: Component returned failure code: 0x80070057 (NS_ERROR_ILLEGAL_VALUE) [nsIObserverService.removeObserver]
1612318541567	geckodriver	INFO	Listening on 127.0.0.1:56881
1612318541571	mozrunner::runner	INFO	Running command: "/usr/bin/firefox" "--marionette" "-foreground" "-no-remote" "-profile" "/tmp/rust_mozprofilesEeCT3"
console.warn: SearchSettings: "get: No settings file exists, new profile?" (new Error("", "(unknown module)"))
1612318544585	Marionette	INFO	Listening on port 36195
1612318544715	Marionette	WARN	TLS certificate errors will be ignored for this session
1612318544733	Marionette	ERROR	[15] No reply from Marionette:Register
console.warn: SearchSettings: "get: No settings file exists, new profile?" (new Error("", "(unknown module)"))
JavaScript error: https://volunteeringnq.b-cdn.net/wp-content/cache/min/1/wp-content/plugins/wpforms/assets/js/choices.min-17aa35f14f501c3086471802b1523d3e.js, line 11: SyntaxError: nothing to repeat
1612318550280	Marionette	INFO	Stopped listening on port 36195

###!!! [Parent][RunMessage] Error: Channel closing: too late to send/recv, messages will be lost

1612318572753	geckodriver	INFO	Listening on 127.0.0.1:56903
1612318572758	mozrunner::runner	INFO	Running command: "/usr/bin/firefox" "--marionette" "-foreground" "-no-remote" "-profile" "/tmp/rust_mozprofiledfdnsA"
console.warn: SearchSettings: "get: No settings file exists, new profile?" (new Error("", "(unknown module)"))
1612318575709	Marionette	INFO	Listening on port 45965
1612318575797	Marionette	WARN	TLS certificate errors will be ignored for this session
1612318575812	Marionette	ERROR	[15] No reply from Marionette:Register
console.warn: SearchSettings: "get: No settings file exists, new profile?" (new Error("", "(unknown module)"))
JavaScript error: https://volunteeringnq.b-cdn.net/wp-content/cache/min/1/wp-content/plugins/wpforms/assets/js/choices.min-17aa35f14f501c3086471802b1523d3e.js, line 11: SyntaxError: nothing to repeat
1612318582579	Marionette	INFO	Stopped listening on port 45965
1612318623267	geckodriver	INFO	Listening on 127.0.0.1:55919
1612318623272	mozrunner::runner	INFO	Running command: "/usr/bin/firefox" "--marionette" "-foreground" "-no-remote" "-profile" "/tmp/rust_mozprofilegkBPD9"
console.warn: SearchSettings: "get: No settings file exists, new profile?" (new Error("", "(unknown module)"))
1612318626204	Marionette	INFO	Listening on port 42263
1612318626314	Marionette	WARN	TLS certificate errors will be ignored for this session
1612318626330	Marionette	ERROR	[15] No reply from Marionette:Register
console.warn: SearchSettings: "get: No settings file exists, new profile?" (new Error("", "(unknown module)"))
JavaScript error: https://volunteeringnq.b-cdn.net/wp-content/cache/min/1/wp-content/plugins/wpforms/assets/js/choices.min-17aa35f14f501c3086471802b1523d3e.js, line 11: SyntaxError: nothing to repeat
1612318631663	Marionette	INFO	Stopped listening on port 42263
JavaScript error: resource://activity-stream/lib/ASRouter.jsm, line 987: NS_ERROR_ILLEGAL_VALUE: Component returned failure code: 0x80070057 (NS_ERROR_ILLEGAL_VALUE) [nsIObserverService.removeObserver]
console.error: services.settings: 
  main/cfr Signature failed  TypeError: NetworkError when attempting to fetch resource.

###!!! [Parent][RunMessage] Error: Channel closing: too late to send/recv, messages will be lost

1612318649017	geckodriver	INFO	Listening on 127.0.0.1:43585
1612318649024	mozrunner::runner	INFO	Running command: "/usr/bin/firefox" "--marionette" "-foreground" "-no-remote" "-profile" "/tmp/rust_mozprofilemZAUls"
console.warn: SearchSettings: "get: No settings file exists, new profile?" (new Error("", "(unknown module)"))
1612318652090	Marionette	INFO	Listening on port 46727
console.warn: SearchSettings: "get: No settings file exists, new profile?" (new Error("", "(unknown module)"))
1612318652174	Marionette	WARN	TLS certificate errors will be ignored for this session
1612318652191	Marionette	ERROR	[15] No reply from Marionette:Register
JavaScript error: https://volunteeringnq.b-cdn.net/wp-content/cache/min/1/wp-content/plugins/wpforms/assets/js/choices.min-17aa35f14f501c3086471802b1523d3e.js, line 11: SyntaxError: nothing to repeat
1612318657296	Marionette	INFO	Stopped listening on port 46727
JavaScript error: resource://activity-stream/lib/ASRouter.jsm, line 987: NS_ERROR_ILLEGAL_VALUE: Component returned failure code: 0x80070057 (NS_ERROR_ILLEGAL_VALUE) [nsIObserverService.removeObserver]
console.error: services.settings: 
  main/message-groups Signature failed  TypeError: NetworkError when attempting to fetch resource.
console.error: services.settings: 
  main/fxmonitor-breaches Signature failed  TypeError: NetworkError when attempting to fetch resource.
console.error: services.settings: 
  main/partitioning-exempt-urls Signature failed  TypeError: NetworkError when attempting to fetch resource.
JavaScript error: , line 0: AbortError: A request was aborted, for example through a call to IDBTransaction.abort.
1612318748311	geckodriver	INFO	Listening on 127.0.0.1:53997
1612318748317	mozrunner::runner	INFO	Running command: "/usr/bin/firefox" "--marionette" "-foreground" "-no-remote" "-profile" "/tmp/rust_mozprofileSSoffb"
console.warn: SearchSettings: "get: No settings file exists, new profile?" (new Error("", "(unknown module)"))
1612318751305	Marionette	INFO	Listening on port 37969
1612318751367	Marionette	WARN	TLS certificate errors will be ignored for this session
1612318751384	Marionette	ERROR	[15] No reply from Marionette:Register
console.warn: SearchSettings: "get: No settings file exists, new profile?" (new Error("", "(unknown module)"))
JavaScript error: https://volunteeringnq.b-cdn.net/wp-content/cache/min/1/wp-content/plugins/wpforms/assets/js/choices.min-17aa35f14f501c3086471802b1523d3e.js, line 11: SyntaxError: nothing to repeat
1612318756581	Marionette	INFO	Stopped listening on port 37969
JavaScript error: resource://activity-stream/lib/ASRouter.jsm, line 987: NS_ERROR_ILLEGAL_VALUE: Component returned failure code: 0x80070057 (NS_ERROR_ILLEGAL_VALUE) [nsIObserverService.removeObserver]

###!!! [Parent][RunMessage] Error: Channel closing: too late to send/recv, messages will be lost

1612318791805	geckodriver	INFO	Listening on 127.0.0.1:42719
1612318791809	mozrunner::runner	INFO	Running command: "/usr/bin/firefox" "--marionette" "-foreground" "-no-remote" "-profile" "/tmp/rust_mozprofilejIAxEq"
console.warn: SearchSettings: "get: No settings file exists, new profile?" (new Error("", "(unknown module)"))
1612318794724	Marionette	INFO	Listening on port 41581
1612318794847	Marionette	WARN	TLS certificate errors will be ignored for this session
1612318794866	Marionette	ERROR	[15] No reply from Marionette:Register
console.warn: SearchSettings: "get: No settings file exists, new profile?" (new Error("", "(unknown module)"))
JavaScript error: https://volunteeringnq.b-cdn.net/wp-content/cache/min/1/wp-content/plugins/wpforms/assets/js/choices.min-17aa35f14f501c3086471802b1523d3e.js, line 11: SyntaxError: nothing to repeat
1612318800348	Marionette	INFO	Stopped listening on port 41581
JavaScript error: resource://activity-stream/lib/ASRouter.jsm, line 987: NS_ERROR_ILLEGAL_VALUE: Component returned failure code: 0x80070057 (NS_ERROR_ILLEGAL_VALUE) [nsIObserverService.removeObserver]

###!!! [Parent][RunMessage] Error: Channel closing: too late to send/recv, messages will be lost

1612318905649	geckodriver	INFO	Listening on 127.0.0.1:44995
1612318905656	mozrunner::runner	INFO	Running command: "/usr/bin/firefox" "--marionette" "-foreground" "-no-remote" "-profile" "/tmp/rust_mozprofile3UtbPu"
console.warn: SearchSettings: "get: No settings file exists, new profile?" (new Error("", "(unknown module)"))
1612318908636	Marionette	INFO	Listening on port 36655
1612318908714	Marionette	WARN	TLS certificate errors will be ignored for this session
1612318908746	Marionette	ERROR	[15] No reply from Marionette:Register
console.warn: SearchSettings: "get: No settings file exists, new profile?" (new Error("", "(unknown module)"))
JavaScript error: https://volunteeringnq.b-cdn.net/wp-content/cache/min/1/wp-content/plugins/wpforms/assets/js/choices.min-17aa35f14f501c3086471802b1523d3e.js, line 11: SyntaxError: nothing to repeat
1612318914547	Marionette	INFO	Stopped listening on port 36655
1612319497685	geckodriver	INFO	Listening on 127.0.0.1:33203
1612319497690	mozrunner::runner	INFO	Running command: "/usr/bin/firefox" "--marionette" "-foreground" "-no-remote" "-profile" "/tmp/rust_mozprofiletzfsvx"
console.warn: SearchSettings: "get: No settings file exists, new profile?" (new Error("", "(unknown module)"))
1612319500710	Marionette	INFO	Listening on port 46323
1612319500832	Marionette	WARN	TLS certificate errors will be ignored for this session
1612319500851	Marionette	ERROR	[15] No reply from Marionette:Register
console.warn: SearchSettings: "get: No settings file exists, new profile?" (new Error("", "(unknown module)"))
JavaScript error: https://volunteeringnq.b-cdn.net/wp-content/cache/min/1/wp-content/plugins/wpforms/assets/js/choices.min-17aa35f14f501c3086471802b1523d3e.js, line 11: SyntaxError: nothing to repeat
1612319529493	geckodriver	INFO	Listening on 127.0.0.1:48703
1612319529498	mozrunner::runner	INFO	Running command: "/usr/bin/firefox" "--marionette" "-foreground" "-no-remote" "-profile" "/tmp/rust_mozprofileKfur6J"
console.warn: SearchSettings: "get: No settings file exists, new profile?" (new Error("", "(unknown module)"))
1612319531473	Marionette	INFO	Listening on port 32773
1612319531534	Marionette	WARN	TLS certificate errors will be ignored for this session
1612319531547	Marionette	ERROR	[15] No reply from Marionette:Register
console.warn: SearchSettings: "get: No settings file exists, new profile?" (new Error("", "(unknown module)"))
JavaScript error: https://volunteeringnq.b-cdn.net/wp-content/cache/min/1/wp-content/plugins/wpforms/assets/js/choices.min-17aa35f14f501c3086471802b1523d3e.js, line 11: SyntaxError: nothing to repeat
1612319538999	Marionette	INFO	Stopped listening on port 46323

###!!! [Parent][RunMessage] Error: Channel closing: too late to send/recv, messages will be lost

1612319607292	geckodriver	INFO	Listening on 127.0.0.1:47045
1612319607296	mozrunner::runner	INFO	Running command: "/usr/bin/firefox" "--marionette" "-foreground" "-no-remote" "-profile" "/tmp/rust_mozprofileaMFP60"
console.warn: SearchSettings: "get: No settings file exists, new profile?" (new Error("", "(unknown module)"))
1612319609377	Marionette	INFO	Listening on port 42389
1612319609425	Marionette	WARN	TLS certificate errors will be ignored for this session
1612319609438	Marionette	ERROR	[15] No reply from Marionette:Register
console.warn: SearchSettings: "get: No settings file exists, new profile?" (new Error("", "(unknown module)"))
JavaScript error: https://volunteeringnq.b-cdn.net/wp-content/cache/min/1/wp-content/plugins/wpforms/assets/js/choices.min-17aa35f14f501c3086471802b1523d3e.js, line 11: SyntaxError: nothing to repeat
1612319613423	Marionette	INFO	Stopped listening on port 32773
1612319617438	Marionette	INFO	Stopped listening on port 42389

###!!! [Parent][RunMessage] Error: Channel closing: too late to send/recv, messages will be lost

1612319660002	geckodriver	INFO	Listening on 127.0.0.1:42401
1612319660004	mozrunner::runner	INFO	Running command: "/usr/bin/firefox" "--marionette" "-foreground" "-no-remote" "-profile" "/tmp/rust_mozprofilewcG2IR"
console.warn: SearchSettings: "get: No settings file exists, new profile?" (new Error("", "(unknown module)"))
1612319662008	Marionette	INFO	Listening on port 39837
1612319662037	Marionette	WARN	TLS certificate errors will be ignored for this session
1612319662052	Marionette	ERROR	[15] No reply from Marionette:Register
console.warn: SearchSettings: "get: No settings file exists, new profile?" (new Error("", "(unknown module)"))
JavaScript error: https://volunteeringnq.b-cdn.net/wp-content/cache/min/1/wp-content/plugins/wpforms/assets/js/choices.min-17aa35f14f501c3086471802b1523d3e.js, line 11: SyntaxError: nothing to repeat
1612319667374	Marionette	INFO	Stopped listening on port 39837
1612320091429	geckodriver	INFO	Listening on 127.0.0.1:58783
1612320091434	mozrunner::runner	INFO	Running command: "/usr/bin/firefox" "--marionette" "-foreground" "-no-remote" "-profile" "/tmp/rust_mozprofileTErMrR"
console.warn: SearchSettings: "get: No settings file exists, new profile?" (new Error("", "(unknown module)"))
1612320093297	Marionette	INFO	Listening on port 37949
1612320093362	Marionette	WARN	TLS certificate errors will be ignored for this session
1612320093377	Marionette	ERROR	[15] No reply from Marionette:Register
JavaScript error: https://volunteeringnq.b-cdn.net/wp-content/cache/min/1/wp-content/plugins/wpforms/assets/js/choices.min-17aa35f14f501c3086471802b1523d3e.js, line 11: SyntaxError: nothing to repeat
console.error: Region.jsm: "Error fetching region" (new Error("TIMEOUT", "resource://gre/modules/Region.jsm", 775))
console.error: Region.jsm: "Failed to fetch region" (new Error("TIMEOUT", "resource://gre/modules/Region.jsm", 422))
1612320147783	geckodriver	INFO	Listening on 127.0.0.1:44345
1612320147788	mozrunner::runner	INFO	Running command: "/usr/bin/firefox" "--marionette" "-foreground" "-no-remote" "-profile" "/tmp/rust_mozprofilez5YP6O"
console.warn: SearchSettings: "get: No settings file exists, new profile?" (new Error("", "(unknown module)"))
1612320149740	Marionette	INFO	Listening on port 44945
1612320149809	Marionette	WARN	TLS certificate errors will be ignored for this session
1612320149823	Marionette	ERROR	[15] No reply from Marionette:Register
console.warn: SearchSettings: "get: No settings file exists, new profile?" (new Error("", "(unknown module)"))
JavaScript error: https://volunteeringnq.b-cdn.net/wp-content/cache/min/1/wp-content/plugins/wpforms/assets/js/choices.min-17aa35f14f501c3086471802b1523d3e.js, line 11: SyntaxError: nothing to repeat
1612320154747	Marionette	INFO	Stopped listening on port 37949
1612320154925	Marionette	INFO	Stopped listening on port 44945

###!!! [Parent][RunMessage] Error: Channel closing: too late to send/recv, messages will be lost

1612320233565	geckodriver	INFO	Listening on 127.0.0.1:37893
1612320233570	mozrunner::runner	INFO	Running command: "/usr/bin/firefox" "--marionette" "-foreground" "-no-remote" "-profile" "/tmp/rust_mozprofileTRRIoi"
console.warn: SearchSettings: "get: No settings file exists, new profile?" (new Error("", "(unknown module)"))
1612320235577	Marionette	INFO	Listening on port 44541
1612320235721	Marionette	WARN	TLS certificate errors will be ignored for this session
1612320235739	Marionette	ERROR	[15] No reply from Marionette:Register
console.warn: SearchSettings: "get: No settings file exists, new profile?" (new Error("", "(unknown module)"))
JavaScript error: https://volunteeringnq.b-cdn.net/wp-content/cache/min/1/wp-content/plugins/wpforms/assets/js/choices.min-17aa35f14f501c3086471802b1523d3e.js, line 11: SyntaxError: nothing to repeat
1612320241055	Marionette	INFO	Stopped listening on port 44541
1612320278071	geckodriver	INFO	Listening on 127.0.0.1:40527
1612320278076	mozrunner::runner	INFO	Running command: "/usr/bin/firefox" "--marionette" "-foreground" "-no-remote" "-profile" "/tmp/rust_mozprofileiCkMmA"
console.warn: SearchSettings: "get: No settings file exists, new profile?" (new Error("", "(unknown module)"))
1612320279992	Marionette	INFO	Listening on port 38591
1612320280120	Marionette	WARN	TLS certificate errors will be ignored for this session
1612320280132	Marionette	ERROR	[15] No reply from Marionette:Register
console.warn: SearchSettings: "get: No settings file exists, new profile?" (new Error("", "(unknown module)"))
JavaScript error: https://volunteeringnq.b-cdn.net/wp-content/cache/min/1/wp-content/plugins/wpforms/assets/js/choices.min-17aa35f14f501c3086471802b1523d3e.js, line 11: SyntaxError: nothing to repeat
1612320284664	Marionette	INFO	Stopped listening on port 38591

###!!! [Parent][RunMessage] Error: Channel closing: too late to send/recv, messages will be lost

1612320299576	geckodriver	INFO	Listening on 127.0.0.1:55651
1612320299581	mozrunner::runner	INFO	Running command: "/usr/bin/firefox" "--marionette" "-foreground" "-no-remote" "-profile" "/tmp/rust_mozprofileJxLicu"
console.warn: SearchSettings: "get: No settings file exists, new profile?" (new Error("", "(unknown module)"))
1612320301543	Marionette	INFO	Listening on port 38549
1612320301628	Marionette	WARN	TLS certificate errors will be ignored for this session
1612320301650	Marionette	ERROR	[15] No reply from Marionette:Register
JavaScript error: https://volunteeringnq.b-cdn.net/wp-content/cache/min/1/wp-content/plugins/wpforms/assets/js/choices.min-17aa35f14f501c3086471802b1523d3e.js, line 11: SyntaxError: nothing to repeat
1612320306666	Marionette	INFO	Stopped listening on port 38549
JavaScript error: resource://activity-stream/lib/ASRouter.jsm, line 987: NS_ERROR_ILLEGAL_VALUE: Component returned failure code: 0x80070057 (NS_ERROR_ILLEGAL_VALUE) [nsIObserverService.removeObserver]

###!!! [Parent][RunMessage] Error: Channel closing: too late to send/recv, messages will be lost

1612320315895	geckodriver	INFO	Listening on 127.0.0.1:51253
1612320315901	mozrunner::runner	INFO	Running command: "/usr/bin/firefox" "--marionette" "-foreground" "-no-remote" "-profile" "/tmp/rust_mozprofilesJHhiW"
console.warn: SearchSettings: "get: No settings file exists, new profile?" (new Error("", "(unknown module)"))
1612320317861	Marionette	INFO	Listening on port 45531
1612320317930	Marionette	WARN	TLS certificate errors will be ignored for this session
1612320317943	Marionette	ERROR	[15] No reply from Marionette:Register
JavaScript error: https://volunteeringnq.b-cdn.net/wp-content/cache/min/1/wp-content/plugins/wpforms/assets/js/choices.min-17aa35f14f501c3086471802b1523d3e.js, line 11: SyntaxError: nothing to repeat
1612320324325	Marionette	INFO	Stopped listening on port 45531

###!!! [Parent][RunMessage] Error: Channel closing: too late to send/recv, messages will be lost

1612320334752	geckodriver	INFO	Listening on 127.0.0.1:41151
1612320334755	mozrunner::runner	INFO	Running command: "/usr/bin/firefox" "--marionette" "-foreground" "-no-remote" "-profile" "/tmp/rust_mozprofilebAM1rB"
console.warn: SearchSettings: "get: No settings file exists, new profile?" (new Error("", "(unknown module)"))
1612320336690	Marionette	INFO	Listening on port 35431
1612320336782	Marionette	WARN	TLS certificate errors will be ignored for this session
1612320336795	Marionette	ERROR	[15] No reply from Marionette:Register
console.warn: SearchSettings: "get: No settings file exists, new profile?" (new Error("", "(unknown module)"))
JavaScript error: https://volunteeringnq.b-cdn.net/wp-content/cache/min/1/wp-content/plugins/wpforms/assets/js/choices.min-17aa35f14f501c3086471802b1523d3e.js, line 11: SyntaxError: nothing to repeat
1612320341476	Marionette	INFO	Stopped listening on port 35431

###!!! [Parent][RunMessage] Error: Channel closing: too late to send/recv, messages will be lost

1612320365692	geckodriver	INFO	Listening on 127.0.0.1:52373
1612320365697	mozrunner::runner	INFO	Running command: "/usr/bin/firefox" "--marionette" "-foreground" "-no-remote" "-profile" "/tmp/rust_mozprofilednVm8O"
console.warn: SearchSettings: "get: No settings file exists, new profile?" (new Error("", "(unknown module)"))
1612320367720	Marionette	INFO	Listening on port 35503
1612320367829	Marionette	WARN	TLS certificate errors will be ignored for this session
1612320367842	Marionette	ERROR	[15] No reply from Marionette:Register
console.warn: SearchSettings: "get: No settings file exists, new profile?" (new Error("", "(unknown module)"))
JavaScript error: https://volunteeringnq.b-cdn.net/wp-content/cache/min/1/wp-content/plugins/wpforms/assets/js/choices.min-17aa35f14f501c3086471802b1523d3e.js, line 11: SyntaxError: nothing to repeat
1612320375791	geckodriver	INFO	Listening on 127.0.0.1:44513
1612320375796	mozrunner::runner	INFO	Running command: "/usr/bin/firefox" "--marionette" "-foreground" "-no-remote" "-profile" "/tmp/rust_mozprofile4DvDt5"
console.warn: SearchSettings: "get: No settings file exists, new profile?" (new Error("", "(unknown module)"))
1612320377708	Marionette	INFO	Listening on port 41045
1612320377839	Marionette	WARN	TLS certificate errors will be ignored for this session
1612320377854	Marionette	ERROR	[15] No reply from Marionette:Register
console.warn: SearchSettings: "get: No settings file exists, new profile?" (new Error("", "(unknown module)"))
JavaScript error: https://volunteeringnq.b-cdn.net/wp-content/cache/min/1/wp-content/plugins/wpforms/assets/js/choices.min-17aa35f14f501c3086471802b1523d3e.js, line 11: SyntaxError: nothing to repeat
1612320382030	Marionette	INFO	Stopped listening on port 35503
1612320405277	geckodriver	INFO	Listening on 127.0.0.1:32813
1612320405282	mozrunner::runner	INFO	Running command: "/usr/bin/firefox" "--marionette" "-foreground" "-no-remote" "-profile" "/tmp/rust_mozprofilewUzuiI"
console.warn: SearchSettings: "get: No settings file exists, new profile?" (new Error("", "(unknown module)"))
1612320407211	Marionette	INFO	Listening on port 34973
1612320407312	Marionette	WARN	TLS certificate errors will be ignored for this session
1612320407325	Marionette	ERROR	[15] No reply from Marionette:Register
console.warn: SearchSettings: "get: No settings file exists, new profile?" (new Error("", "(unknown module)"))
JavaScript error: https://volunteeringnq.b-cdn.net/wp-content/cache/min/1/wp-content/plugins/wpforms/assets/js/choices.min-17aa35f14f501c3086471802b1523d3e.js, line 11: SyntaxError: nothing to repeat
1612320413143	Marionette	INFO	Stopped listening on port 34973
JavaScript error: resource://activity-stream/lib/ASRouter.jsm, line 987: NS_ERROR_ILLEGAL_VALUE: Component returned failure code: 0x80070057 (NS_ERROR_ILLEGAL_VALUE) [nsIObserverService.removeObserver]

###!!! [Parent][RunMessage] Error: Channel closing: too late to send/recv, messages will be lost

1612320435132	geckodriver	INFO	Listening on 127.0.0.1:43105
1612320435134	mozrunner::runner	INFO	Running command: "/usr/bin/firefox" "--marionette" "-foreground" "-no-remote" "-profile" "/tmp/rust_mozprofilesk6aa3"
console.warn: SearchSettings: "get: No settings file exists, new profile?" (new Error("", "(unknown module)"))
1612320437082	Marionette	INFO	Listening on port 33377
1612320437155	Marionette	WARN	TLS certificate errors will be ignored for this session
1612320437167	Marionette	ERROR	[15] No reply from Marionette:Register
console.warn: SearchSettings: "get: No settings file exists, new profile?" (new Error("", "(unknown module)"))
JavaScript error: https://volunteeringnq.b-cdn.net/wp-content/cache/min/1/wp-content/plugins/wpforms/assets/js/choices.min-17aa35f14f501c3086471802b1523d3e.js, line 11: SyntaxError: nothing to repeat
1612320448307	geckodriver	INFO	Listening on 127.0.0.1:59015
1612320448311	mozrunner::runner	INFO	Running command: "/usr/bin/firefox" "--marionette" "-foreground" "-no-remote" "-profile" "/tmp/rust_mozprofileVAVJyr"
console.warn: SearchSettings: "get: No settings file exists, new profile?" (new Error("", "(unknown module)"))
1612320450370	Marionette	INFO	Listening on port 33745
1612320450441	Marionette	WARN	TLS certificate errors will be ignored for this session
1612320450453	Marionette	ERROR	[15] No reply from Marionette:Register
console.warn: SearchSettings: "get: No settings file exists, new profile?" (new Error("", "(unknown module)"))
JavaScript error: https://volunteeringnq.b-cdn.net/wp-content/cache/min/1/wp-content/plugins/wpforms/assets/js/choices.min-17aa35f14f501c3086471802b1523d3e.js, line 11: SyntaxError: nothing to repeat
1612320455063	Marionette	INFO	Stopped listening on port 33745
JavaScript error: resource://activity-stream/lib/ASRouter.jsm, line 987: NS_ERROR_ILLEGAL_VALUE: Component returned failure code: 0x80070057 (NS_ERROR_ILLEGAL_VALUE) [nsIObserverService.removeObserver]
console.warn: services.settings: main/cfr sync interrupted by shutdown
1612320461014	Marionette	INFO	Stopped listening on port 41045
1612320463082	Marionette	INFO	Stopped listening on port 33377
1612320482834	geckodriver	INFO	Listening on 127.0.0.1:59905
1612320482836	mozrunner::runner	INFO	Running command: "/usr/bin/firefox" "--marionette" "-foreground" "-no-remote" "-profile" "/tmp/rust_mozprofilenn8hUg"
console.warn: SearchSettings: "get: No settings file exists, new profile?" (new Error("", "(unknown module)"))
1612320484736	Marionette	INFO	Listening on port 33727
1612320484763	Marionette	WARN	TLS certificate errors will be ignored for this session
1612320484775	Marionette	ERROR	[15] No reply from Marionette:Register
console.warn: SearchSettings: "get: No settings file exists, new profile?" (new Error("", "(unknown module)"))
JavaScript error: https://volunteeringnq.b-cdn.net/wp-content/cache/min/1/wp-content/plugins/wpforms/assets/js/choices.min-17aa35f14f501c3086471802b1523d3e.js, line 11: SyntaxError: nothing to repeat
1612320490654	Marionette	INFO	Stopped listening on port 33727
1612320541128	geckodriver	INFO	Listening on 127.0.0.1:46069
1612320541131	mozrunner::runner	INFO	Running command: "/usr/bin/firefox" "--marionette" "-foreground" "-no-remote" "-profile" "/tmp/rust_mozprofileIbWii4"
console.warn: SearchSettings: "get: No settings file exists, new profile?" (new Error("", "(unknown module)"))
1612320543139	Marionette	INFO	Listening on port 33743
1612320543261	Marionette	WARN	TLS certificate errors will be ignored for this session
1612320543273	Marionette	ERROR	[15] No reply from Marionette:Register
console.warn: SearchSettings: "get: No settings file exists, new profile?" (new Error("", "(unknown module)"))
JavaScript error: https://volunteeringnq.b-cdn.net/wp-content/cache/min/1/wp-content/plugins/wpforms/assets/js/choices.min-17aa35f14f501c3086471802b1523d3e.js, line 11: SyntaxError: nothing to repeat
1612320548831	Marionette	INFO	Stopped listening on port 33743
1612320619838	geckodriver	INFO	Listening on 127.0.0.1:41479
1612320619841	mozrunner::runner	INFO	Running command: "/usr/bin/firefox" "--marionette" "-foreground" "-no-remote" "-profile" "/tmp/rust_mozprofilexlof6i"
console.warn: SearchSettings: "get: No settings file exists, new profile?" (new Error("", "(unknown module)"))
1612320621717	Marionette	INFO	Listening on port 44409
1612320621762	Marionette	WARN	TLS certificate errors will be ignored for this session
1612320621778	Marionette	ERROR	[15] No reply from Marionette:Register
console.warn: SearchSettings: "get: No settings file exists, new profile?" (new Error("", "(unknown module)"))
JavaScript error: https://volunteeringnq.b-cdn.net/wp-content/cache/min/1/wp-content/plugins/wpforms/assets/js/choices.min-17aa35f14f501c3086471802b1523d3e.js, line 11: SyntaxError: nothing to repeat
1612320627329	Marionette	INFO	Stopped listening on port 44409

###!!! [Parent][RunMessage] Error: Channel closing: too late to send/recv, messages will be lost

1612320722501	geckodriver	INFO	Listening on 127.0.0.1:43073
1612320722505	mozrunner::runner	INFO	Running command: "/usr/bin/firefox" "--marionette" "-foreground" "-no-remote" "-profile" "/tmp/rust_mozprofileTTsBVX"
console.warn: SearchSettings: "get: No settings file exists, new profile?" (new Error("", "(unknown module)"))
1612320724512	Marionette	INFO	Listening on port 34849
1612320724643	Marionette	WARN	TLS certificate errors will be ignored for this session
1612320724655	Marionette	ERROR	[15] No reply from Marionette:Register
console.warn: SearchSettings: "get: No settings file exists, new profile?" (new Error("", "(unknown module)"))
JavaScript error: https://volunteeringnq.b-cdn.net/wp-content/cache/min/1/wp-content/plugins/wpforms/assets/js/choices.min-17aa35f14f501c3086471802b1523d3e.js, line 11: SyntaxError: nothing to repeat
1612320732003	Marionette	INFO	Stopped listening on port 34849
1612401361849	geckodriver	INFO	Listening on 127.0.0.1:52033
1612401362861	mozrunner::runner	INFO	Running command: "/usr/bin/firefox" "--marionette" "-foreground" "-no-remote" "-profile" "/tmp/rust_mozprofilepwqgi7"
console.warn: SearchSettings: "get: No settings file exists, new profile?" (new Error("", "(unknown module)"))
1612401364917	Marionette	INFO	Listening on port 41709
1612401364998	Marionette	WARN	TLS certificate errors will be ignored for this session
1612401365009	Marionette	ERROR	[15] No reply from Marionette:Register
console.warn: SearchSettings: "get: No settings file exists, new profile?" (new Error("", "(unknown module)"))
JavaScript error: https://volunteeringnq.b-cdn.net/wp-content/cache/min/1/wp-content/plugins/wpforms/assets/js/choices.min-17aa35f14f501c3086471802b1523d3e.js, line 11: SyntaxError: nothing to repeat
1612401368489	Marionette	INFO	Stopped listening on port 41709

###!!! [Parent][RunMessage] Error: Channel closing: too late to send/recv, messages will be lost

1612401734641	geckodriver	INFO	Listening on 127.0.0.1:54631
1612401734646	mozrunner::runner	INFO	Running command: "/usr/bin/firefox" "--marionette" "-foreground" "-no-remote" "-profile" "/tmp/rust_mozprofileSsktNg"
console.warn: SearchSettings: "get: No settings file exists, new profile?" (new Error("", "(unknown module)"))
1612401736834	Marionette	INFO	Listening on port 33869
1612401736876	Marionette	WARN	TLS certificate errors will be ignored for this session
1612401736887	Marionette	ERROR	[15] No reply from Marionette:Register
console.warn: SearchSettings: "get: No settings file exists, new profile?" (new Error("", "(unknown module)"))
1612401752336	geckodriver	INFO	Listening on 127.0.0.1:57437
1612401752339	mozrunner::runner	INFO	Running command: "/usr/bin/firefox" "--marionette" "-foreground" "-no-remote" "-profile" "/tmp/rust_mozprofileZGbtx4"
console.warn: SearchSettings: "get: No settings file exists, new profile?" (new Error("", "(unknown module)"))
1612401754327	Marionette	INFO	Listening on port 43827
1612401754376	Marionette	WARN	TLS certificate errors will be ignored for this session
1612401754391	Marionette	ERROR	[15] No reply from Marionette:Register
console.warn: SearchSettings: "get: No settings file exists, new profile?" (new Error("", "(unknown module)"))
JavaScript error: https://volunteeringnq.b-cdn.net/wp-content/cache/min/1/wp-content/plugins/wpforms/assets/js/choices.min-17aa35f14f501c3086471802b1523d3e.js, line 11: SyntaxError: nothing to repeat
1612401756479	Marionette	INFO	Stopped listening on port 33869

###!!! [Parent][RunMessage] Error: Channel closing: too late to send/recv, messages will be lost

1612401757331	Marionette	INFO	Stopped listening on port 43827
1612401877214	geckodriver	INFO	Listening on 127.0.0.1:36895
1612401877219	mozrunner::runner	INFO	Running command: "/usr/bin/firefox" "--marionette" "-foreground" "-no-remote" "-profile" "/tmp/rust_mozprofileJjRFeJ"
console.warn: SearchSettings: "get: No settings file exists, new profile?" (new Error("", "(unknown module)"))
1612401879287	Marionette	INFO	Listening on port 40767
1612401879352	Marionette	WARN	TLS certificate errors will be ignored for this session
1612401879369	Marionette	ERROR	[15] No reply from Marionette:Register
console.warn: SearchSettings: "get: No settings file exists, new profile?" (new Error("", "(unknown module)"))
JavaScript error: https://volunteeringnq.b-cdn.net/wp-content/cache/min/1/wp-content/plugins/wpforms/assets/js/choices.min-17aa35f14f501c3086471802b1523d3e.js, line 11: SyntaxError: nothing to repeat
1612401891326	Marionette	INFO	Stopped listening on port 40767

###!!! [Parent][RunMessage] Error: Channel closing: too late to send/recv, messages will be lost

1612402053449	geckodriver	INFO	Listening on 127.0.0.1:49713
1612402053452	mozrunner::runner	INFO	Running command: "/usr/bin/firefox" "--marionette" "-foreground" "-no-remote" "-profile" "/tmp/rust_mozprofilexham1Y"
console.warn: SearchSettings: "get: No settings file exists, new profile?" (new Error("", "(unknown module)"))
1612402055513	Marionette	INFO	Listening on port 35125
1612402055577	Marionette	WARN	TLS certificate errors will be ignored for this session
1612402055587	Marionette	ERROR	[15] No reply from Marionette:Register
console.warn: SearchSettings: "get: No settings file exists, new profile?" (new Error("", "(unknown module)"))
JavaScript error: https://volunteeringnq.b-cdn.net/wp-content/cache/min/1/wp-content/plugins/wpforms/assets/js/choices.min-17aa35f14f501c3086471802b1523d3e.js, line 11: SyntaxError: nothing to repeat
JavaScript error: https://volunteeringnq.b-cdn.net/wp-content/cache/min/1/wp-content/plugins/wpforms/assets/js/choices.min-17aa35f14f501c3086471802b1523d3e.js, line 11: SyntaxError: nothing to repeat
1612402060995	Marionette	INFO	Stopped listening on port 35125

###!!! [Parent][RunMessage] Error: Channel closing: too late to send/recv, messages will be lost

1612402078369	geckodriver	INFO	Listening on 127.0.0.1:42933
1612402078372	mozrunner::runner	INFO	Running command: "/usr/bin/firefox" "--marionette" "-foreground" "-no-remote" "-profile" "/tmp/rust_mozprofilePV9pjD"
console.warn: SearchSettings: "get: No settings file exists, new profile?" (new Error("", "(unknown module)"))
1612402080248	Marionette	INFO	Listening on port 37309
1612402080302	Marionette	WARN	TLS certificate errors will be ignored for this session
1612402080312	Marionette	ERROR	[15] No reply from Marionette:Register
console.warn: SearchSettings: "get: No settings file exists, new profile?" (new Error("", "(unknown module)"))
JavaScript error: https://volunteeringnq.b-cdn.net/wp-content/cache/min/1/wp-content/plugins/wpforms/assets/js/choices.min-17aa35f14f501c3086471802b1523d3e.js, line 11: SyntaxError: nothing to repeat
JavaScript error: https://volunteeringnq.b-cdn.net/wp-content/cache/min/1/wp-content/plugins/wpforms/assets/js/choices.min-17aa35f14f501c3086471802b1523d3e.js, line 11: SyntaxError: nothing to repeat
1612402085555	Marionette	INFO	Stopped listening on port 37309
1612402090973	geckodriver	INFO	Listening on 127.0.0.1:52693
1612402090981	mozrunner::runner	INFO	Running command: "/usr/bin/firefox" "--marionette" "-foreground" "-no-remote" "-profile" "/tmp/rust_mozprofileyohUhK"
console.warn: SearchSettings: "get: No settings file exists, new profile?" (new Error("", "(unknown module)"))
1612402093118	Marionette	INFO	Listening on port 38307
1612402093208	Marionette	WARN	TLS certificate errors will be ignored for this session
1612402093227	Marionette	ERROR	[15] No reply from Marionette:Register
console.warn: SearchSettings: "get: No settings file exists, new profile?" (new Error("", "(unknown module)"))
JavaScript error: https://volunteeringnq.b-cdn.net/wp-content/cache/min/1/wp-content/plugins/wpforms/assets/js/choices.min-17aa35f14f501c3086471802b1523d3e.js, line 11: SyntaxError: nothing to repeat
JavaScript error: https://volunteeringnq.b-cdn.net/wp-content/cache/min/1/wp-content/plugins/wpforms/assets/js/choices.min-17aa35f14f501c3086471802b1523d3e.js, line 11: SyntaxError: nothing to repeat
1612402099442	Marionette	INFO	Stopped listening on port 38307
JavaScript error: https://volwidget.s3.amazonaws.com/volunteer-widget.js, line 1: NS_ERROR_NOT_INITIALIZED: 

###!!! [Parent][RunMessage] Error: Channel closing: too late to send/recv, messages will be lost

1612404822966	geckodriver	INFO	Listening on 127.0.0.1:39829
1612404822972	mozrunner::runner	INFO	Running command: "/usr/bin/firefox" "--marionette" "-foreground" "-no-remote" "-profile" "/tmp/rust_mozprofileUfhVHk"
console.warn: SearchSettings: "get: No settings file exists, new profile?" (new Error("", "(unknown module)"))
1612404825276	Marionette	INFO	Listening on port 42701
1612404825306	Marionette	WARN	TLS certificate errors will be ignored for this session
1612404825321	Marionette	ERROR	[15] No reply from Marionette:Register
console.warn: SearchSettings: "get: No settings file exists, new profile?" (new Error("", "(unknown module)"))
JavaScript error: https://volunteeringnq.b-cdn.net/wp-content/cache/min/1/wp-content/plugins/wpforms/assets/js/choices.min-17aa35f14f501c3086471802b1523d3e.js, line 11: SyntaxError: nothing to repeat
JavaScript error: https://volunteeringnq.b-cdn.net/wp-content/cache/min/1/wp-content/plugins/wpforms/assets/js/choices.min-17aa35f14f501c3086471802b1523d3e.js, line 11: SyntaxError: nothing to repeat
JavaScript error: https://volunteeringnq.b-cdn.net/wp-content/cache/min/1/wp-content/plugins/wpforms/assets/js/choices.min-17aa35f14f501c3086471802b1523d3e.js, line 11: SyntaxError: nothing to repeat
JavaScript error: https://volunteeringnq.b-cdn.net/wp-content/cache/min/1/wp-content/plugins/wpforms/assets/js/choices.min-17aa35f14f501c3086471802b1523d3e.js, line 11: SyntaxError: nothing to repeat
JavaScript error: https://volunteeringnq.b-cdn.net/wp-content/cache/min/1/wp-content/plugins/wpforms/assets/js/choices.min-17aa35f14f501c3086471802b1523d3e.js, line 11: SyntaxError: nothing to repeat
JavaScript error: https://volunteeringnq.b-cdn.net/wp-content/cache/min/1/wp-content/plugins/wpforms/assets/js/choices.min-17aa35f14f501c3086471802b1523d3e.js, line 11: SyntaxError: nothing to repeat
JavaScript error: https://volunteeringnq.b-cdn.net/wp-content/cache/min/1/wp-content/plugins/wpforms/assets/js/choices.min-17aa35f14f501c3086471802b1523d3e.js, line 11: SyntaxError: nothing to repeat
JavaScript error: https://volunteeringnq.b-cdn.net/wp-content/cache/min/1/wp-content/plugins/wpforms/assets/js/choices.min-17aa35f14f501c3086471802b1523d3e.js, line 11: SyntaxError: nothing to repeat
JavaScript error: https://volunteeringnq.b-cdn.net/wp-content/cache/min/1/wp-content/plugins/wpforms/assets/js/choices.min-17aa35f14f501c3086471802b1523d3e.js, line 11: SyntaxError: nothing to repeat
JavaScript error: https://volunteeringnq.b-cdn.net/wp-content/cache/min/1/wp-content/plugins/wpforms/assets/js/choices.min-17aa35f14f501c3086471802b1523d3e.js, line 11: SyntaxError: nothing to repeat
JavaScript error: https://volunteeringnq.b-cdn.net/wp-content/cache/min/1/wp-content/plugins/wpforms/assets/js/choices.min-17aa35f14f501c3086471802b1523d3e.js, line 11: SyntaxError: nothing to repeat
JavaScript error: , line 0: InvalidStateError: An attempt was made to use an object that is not, or is no longer, usable
JavaScript error: https://volunteeringnq.b-cdn.net/wp-content/cache/min/1/wp-content/plugins/wpforms/assets/js/choices.min-17aa35f14f501c3086471802b1523d3e.js, line 11: SyntaxError: nothing to repeat
JavaScript error: https://volunteeringnq.b-cdn.net/wp-content/cache/min/1/wp-content/plugins/wpforms/assets/js/choices.min-17aa35f14f501c3086471802b1523d3e.js, line 11: SyntaxError: nothing to repeat
JavaScript error: https://volunteeringnq.b-cdn.net/wp-content/cache/min/1/wp-content/plugins/wpforms/assets/js/choices.min-17aa35f14f501c3086471802b1523d3e.js, line 11: SyntaxError: nothing to repeat
JavaScript error: https://volunteeringnq.b-cdn.net/wp-content/cache/min/1/wp-content/plugins/wpforms/assets/js/choices.min-17aa35f14f501c3086471802b1523d3e.js, line 11: SyntaxError: nothing to repeat
1612404912110	Marionette	INFO	Stopped listening on port 42701

###!!! [Parent][RunMessage] Error: Channel closing: too late to send/recv, messages will be lost

1612404919391	geckodriver	INFO	Listening on 127.0.0.1:48997
1612404919393	mozrunner::runner	INFO	Running command: "/usr/bin/firefox" "--marionette" "-foreground" "-no-remote" "-profile" "/tmp/rust_mozprofileL34aAs"
console.warn: SearchSettings: "get: No settings file exists, new profile?" (new Error("", "(unknown module)"))
1612404921501	Marionette	INFO	Listening on port 41757
1612404921626	Marionette	WARN	TLS certificate errors will be ignored for this session
1612404921639	Marionette	ERROR	[15] No reply from Marionette:Register
console.warn: SearchSettings: "get: No settings file exists, new profile?" (new Error("", "(unknown module)"))
JavaScript error: https://volunteeringnq.b-cdn.net/wp-content/cache/min/1/wp-content/plugins/wpforms/assets/js/choices.min-17aa35f14f501c3086471802b1523d3e.js, line 11: SyntaxError: nothing to repeat
1612404924834	Marionette	INFO	Stopped listening on port 41757

###!!! [Parent][RunMessage] Error: Channel closing: too late to send/recv, messages will be lost

